23:08:37 **** Incremental Build of configuration Debug for project Assignment01 ****
make all 
Building file: ../Assignment01.cpp
Invoking: GCC C++ Compiler
g++ -O0 -g3 -Wall -c -fmessage-length=0 -MMD -MP -MF"Assignment01.d" -MT"Assignment01.o" -o "Assignment01.o" "../Assignment01.cpp"
../Assignment01.cpp:43:6: warning: unused variable 'arraySize' [-Wunused-variable]
        int arraySize = 4;
            ^
1 warning generated.
Finished building: ../Assignment01.cpp
 
Building target: Assignment01
Invoking: MacOS X C++ Linker
g++  -o "Assignment01"  ./cmake-build-debug/CMakeFiles/3.8.2/CompilerIdCXX/CMakeCXXCompilerId.o  ./cmake-build-debug/CMakeFiles/3.8.2/CompilerIdC/CMakeCCompilerId.o  ./cmake-build-debug/CMakeFiles/feature_tests.o  ./Assignment01.o ./contact.o   
duplicate symbol _info_language_dialect_default in:
    ./cmake-build-debug/CMakeFiles/3.8.2/CompilerIdCXX/CMakeCXXCompilerId.o
    ./cmake-build-debug/CMakeFiles/3.8.2/CompilerIdC/CMakeCCompilerId.o
duplicate symbol _info_compiler in:
    ./cmake-build-debug/CMakeFiles/3.8.2/CompilerIdCXX/CMakeCXXCompilerId.o
    ./cmake-build-debug/CMakeFiles/3.8.2/CompilerIdC/CMakeCCompilerId.o
duplicate symbol _main in:
    ./cmake-build-debug/CMakeFiles/3.8.2/CompilerIdCXX/CMakeCXXCompilerId.o
    ./cmake-build-debug/CMakeFiles/3.8.2/CompilerIdC/CMakeCCompilerId.o
duplicate symbol _info_platform in:
    ./cmake-build-debug/CMakeFiles/3.8.2/CompilerIdCXX/CMakeCXXCompilerId.o
    ./cmake-build-debug/CMakeFiles/3.8.2/CompilerIdC/CMakeCCompilerId.o
duplicate symbol _info_arch in:
    ./cmake-build-debug/CMakeFiles/3.8.2/CompilerIdCXX/CMakeCXXCompilerId.o
    ./cmake-build-debug/CMakeFiles/3.8.2/CompilerIdC/CMakeCCompilerId.o
duplicate symbol _main in:
    ./cmake-build-debug/CMakeFiles/3.8.2/CompilerIdCXX/CMakeCXXCompilerId.o
    ./cmake-build-debug/CMakeFiles/feature_tests.o
duplicate symbol _main in:
    ./cmake-build-debug/CMakeFiles/3.8.2/CompilerIdCXX/CMakeCXXCompilerId.o
    ./Assignment01.o
ld: 7 duplicate symbols for architecture x86_64
clang: error: linker command failed with exit code 1 (use -v to see invocation)
make: *** [Assignment01] Error 1

23:08:37 Build Finished (took 687ms)

