12:37:46 **** Incremental Build of configuration Debug for project Assignment01 ****
make all 
Building target: Assignment01
Invoking: MacOS X C++ Linker
g++  -o "Assignment01"  ./cmake-build-debug/CMakeFiles/3.8.2/CompilerIdCXX/CMakeCXXCompilerId.o  ./cmake-build-debug/CMakeFiles/3.8.2/CompilerIdC/CMakeCCompilerId.o  ./cmake-build-debug/CMakeFiles/feature_tests.o  ./Assignment01.o ./contact.o   
duplicate symbol _info_language_dialect_default in:
    ./cmake-build-debug/CMakeFiles/3.8.2/CompilerIdCXX/CMakeCXXCompilerId.o
    ./cmake-build-debug/CMakeFiles/3.8.2/CompilerIdC/CMakeCCompilerId.o
duplicate symbol _info_compiler in:
    ./cmake-build-debug/CMakeFiles/3.8.2/CompilerIdCXX/CMakeCXXCompilerId.o
    ./cmake-build-debug/CMakeFiles/3.8.2/CompilerIdC/CMakeCCompilerId.o
duplicate symbol _main in:
    ./cmake-build-debug/CMakeFiles/3.8.2/CompilerIdCXX/CMakeCXXCompilerId.o
    ./cmake-build-debug/CMakeFiles/3.8.2/CompilerIdC/CMakeCCompilerId.o
duplicate symbol _info_platform in:
    ./cmake-build-debug/CMakeFiles/3.8.2/CompilerIdCXX/CMakeCXXCompilerId.o
    ./cmake-build-debug/CMakeFiles/3.8.2/CompilerIdC/CMakeCCompilerId.o
duplicate symbol _info_arch in:
    ./cmake-build-debug/CMakeFiles/3.8.2/CompilerIdCXX/CMakeCXXCompilerId.o
    ./cmake-build-debug/CMakeFiles/3.8.2/CompilerIdC/CMakeCCompilerId.o
duplicate symbol _main in:
    ./cmake-build-debug/CMakeFiles/3.8.2/CompilerIdCXX/CMakeCXXCompilerId.o
    ./cmake-build-debug/CMakeFiles/feature_tests.o
duplicate symbol _main in:
    ./cmake-build-debug/CMakeFiles/3.8.2/CompilerIdCXX/CMakeCXXCompilerId.o
    ./Assignment01.o
ld: 7 duplicate symbols for architecture x86_64
clang: error: linker command failed with exit code 1 (use -v to see invocation)
make: *** [Assignment01] Error 1
12:38:59 **** Incremental Build of configuration Debug for project Assignment01 ****
make all 
Building file: ../Assignment01.cpp
Invoking: GCC C++ Compiler
g++ -O0 -g3 -Wall -c -fmessage-length=0 -MMD -MP -MF"Assignment01.d" -MT"Assignment01.o" -o "Assignment01.o" "../Assignment01.cpp"
../Assignment01.cpp:77:4: warning: 'delete' applied to a pointer that was allocated with 'new[]'; did you mean 'delete[]'? [-Wmismatched-new-delete]
                        delete array;
                        ^
                              []
../Assignment01.cpp:25:19: note: allocated with 'new[]' here
        contact* array = new contact[4];
                         ^
1 warning generated.
Finished building: ../Assignment01.cpp
 
Building target: Assignment01
Invoking: MacOS X C++ Linker
g++  -o "Assignment01"  ./cmake-build-debug/CMakeFiles/3.8.2/CompilerIdCXX/CMakeCXXCompilerId.o  ./cmake-build-debug/CMakeFiles/3.8.2/CompilerIdC/CMakeCCompilerId.o  ./cmake-build-debug/CMakeFiles/feature_tests.o  ./Assignment01.o ./contact.o   
duplicate symbol _info_language_dialect_default in:
    ./cmake-build-debug/CMakeFiles/3.8.2/CompilerIdCXX/CMakeCXXCompilerId.o
    ./cmake-build-debug/CMakeFiles/3.8.2/CompilerIdC/CMakeCCompilerId.o
duplicate symbol _info_compiler in:
    ./cmake-build-debug/CMakeFiles/3.8.2/CompilerIdCXX/CMakeCXXCompilerId.o
    ./cmake-build-debug/CMakeFiles/3.8.2/CompilerIdC/CMakeCCompilerId.o
duplicate symbol _main in:
    ./cmake-build-debug/CMakeFiles/3.8.2/CompilerIdCXX/CMakeCXXCompilerId.o
    ./cmake-build-debug/CMakeFiles/3.8.2/CompilerIdC/CMakeCCompilerId.o
duplicate symbol _info_platform in:
    ./cmake-build-debug/CMakeFiles/3.8.2/CompilerIdCXX/CMakeCXXCompilerId.o
    ./cmake-build-debug/CMakeFiles/3.8.2/CompilerIdC/CMakeCCompilerId.o
duplicate symbol _info_arch in:
    ./cmake-build-debug/CMakeFiles/3.8.2/CompilerIdCXX/CMakeCXXCompilerId.o
    ./cmake-build-debug/CMakeFiles/3.8.2/CompilerIdC/CMakeCCompilerId.o
duplicate symbol _main in:
    ./cmake-build-debug/CMakeFiles/3.8.2/CompilerIdCXX/CMakeCXXCompilerId.o
    ./cmake-build-debug/CMakeFiles/feature_tests.o
duplicate symbol _main in:
    ./cmake-build-debug/CMakeFiles/3.8.2/CompilerIdCXX/CMakeCXXCompilerId.o
    ./Assignment01.o
ld: 7 duplicate symbols for architecture x86_64
clang: error: linker command failed with exit code 1 (use -v to see invocation)
make: *** [Assignment01] Error 1
12:41:40 **** Incremental Build of configuration Debug for project Assignment01 ****
make all 
Building file: ../Assignment01.cpp
Invoking: GCC C++ Compiler
g++ -O0 -g3 -Wall -c -fmessage-length=0 -MMD -MP -MF"Assignment01.d" -MT"Assignment01.o" -o "Assignment01.o" "../Assignment01.cpp"
../Assignment01.cpp:78:4: warning: 'delete' applied to a pointer that was allocated with 'new[]'; did you mean 'delete[]'? [-Wmismatched-new-delete]
                        delete array;
                        ^
                              []
../Assignment01.cpp:26:19: note: allocated with 'new[]' here
        contact* array = new contact[4];
                         ^
1 warning generated.
Finished building: ../Assignment01.cpp
 
Building target: Assignment01
Invoking: MacOS X C++ Linker
g++  -o "Assignment01"  ./cmake-build-debug/CMakeFiles/3.8.2/CompilerIdCXX/CMakeCXXCompilerId.o  ./cmake-build-debug/CMakeFiles/3.8.2/CompilerIdC/CMakeCCompilerId.o  ./cmake-build-debug/CMakeFiles/feature_tests.o  ./Assignment01.o ./contact.o   
duplicate symbol _info_language_dialect_default in:
    ./cmake-build-debug/CMakeFiles/3.8.2/CompilerIdCXX/CMakeCXXCompilerId.o
    ./cmake-build-debug/CMakeFiles/3.8.2/CompilerIdC/CMakeCCompilerId.o
duplicate symbol _info_compiler in:
    ./cmake-build-debug/CMakeFiles/3.8.2/CompilerIdCXX/CMakeCXXCompilerId.o
    ./cmake-build-debug/CMakeFiles/3.8.2/CompilerIdC/CMakeCCompilerId.o
duplicate symbol _main in:
    ./cmake-build-debug/CMakeFiles/3.8.2/CompilerIdCXX/CMakeCXXCompilerId.o
    ./cmake-build-debug/CMakeFiles/3.8.2/CompilerIdC/CMakeCCompilerId.o
duplicate symbol _info_platform in:
    ./cmake-build-debug/CMakeFiles/3.8.2/CompilerIdCXX/CMakeCXXCompilerId.o
    ./cmake-build-debug/CMakeFiles/3.8.2/CompilerIdC/CMakeCCompilerId.o
duplicate symbol _info_arch in:
    ./cmake-build-debug/CMakeFiles/3.8.2/CompilerIdCXX/CMakeCXXCompilerId.o
    ./cmake-build-debug/CMakeFiles/3.8.2/CompilerIdC/CMakeCCompilerId.o
duplicate symbol _main in:
    ./cmake-build-debug/CMakeFiles/3.8.2/CompilerIdCXX/CMakeCXXCompilerId.o
    ./cmake-build-debug/CMakeFiles/feature_tests.o
duplicate symbol _main in:
    ./cmake-build-debug/CMakeFiles/3.8.2/CompilerIdCXX/CMakeCXXCompilerId.o
    ./Assignment01.o
ld: 7 duplicate symbols for architecture x86_64
clang: error: linker command failed with exit code 1 (use -v to see invocation)
make: *** [Assignment01] Error 1
14:01:38 **** Incremental Build of configuration Debug for project Assignment01 ****
make all 
Building file: ../Assignment01.cpp
Invoking: GCC C++ Compiler
g++ -O0 -g3 -Wall -c -fmessage-length=0 -MMD -MP -MF"Assignment01.d" -MT"Assignment01.o" -o "Assignment01.o" "../Assignment01.cpp"
../Assignment01.cpp:78:4: warning: 'delete' applied to a pointer that was allocated with 'new[]'; did you mean 'delete[]'? [-Wmismatched-new-delete]
                        delete array;
                        ^
                              []
../Assignment01.cpp:26:19: note: allocated with 'new[]' here
        contact* array = new contact[4];
                         ^
1 warning generated.
Finished building: ../Assignment01.cpp
 
Building file: ../contact.cpp
Invoking: GCC C++ Compiler
g++ -O0 -g3 -Wall -c -fmessage-length=0 -MMD -MP -MF"contact.d" -MT"contact.o" -o "contact.o" "../contact.cpp"
Finished building: ../contact.cpp
 
Building target: Assignment01
Invoking: MacOS X C++ Linker
g++  -o "Assignment01"  ./cmake-build-debug/CMakeFiles/3.8.2/CompilerIdCXX/CMakeCXXCompilerId.o  ./cmake-build-debug/CMakeFiles/3.8.2/CompilerIdC/CMakeCCompilerId.o  ./cmake-build-debug/CMakeFiles/feature_tests.o  ./Assignment01.o ./contact.o   
duplicate symbol _info_language_dialect_default in:
    ./cmake-build-debug/CMakeFiles/3.8.2/CompilerIdCXX/CMakeCXXCompilerId.o
    ./cmake-build-debug/CMakeFiles/3.8.2/CompilerIdC/CMakeCCompilerId.o
duplicate symbol _info_compiler in:
    ./cmake-build-debug/CMakeFiles/3.8.2/CompilerIdCXX/CMakeCXXCompilerId.o
    ./cmake-build-debug/CMakeFiles/3.8.2/CompilerIdC/CMakeCCompilerId.o
duplicate symbol _main in:
    ./cmake-build-debug/CMakeFiles/3.8.2/CompilerIdCXX/CMakeCXXCompilerId.o
    ./cmake-build-debug/CMakeFiles/3.8.2/CompilerIdC/CMakeCCompilerId.o
duplicate symbol _info_platform in:
    ./cmake-build-debug/CMakeFiles/3.8.2/CompilerIdCXX/CMakeCXXCompilerId.o
    ./cmake-build-debug/CMakeFiles/3.8.2/CompilerIdC/CMakeCCompilerId.o
duplicate symbol _info_arch in:
    ./cmake-build-debug/CMakeFiles/3.8.2/CompilerIdCXX/CMakeCXXCompilerId.o
    ./cmake-build-debug/CMakeFiles/3.8.2/CompilerIdC/CMakeCCompilerId.o
duplicate symbol _main in:
    ./cmake-build-debug/CMakeFiles/3.8.2/CompilerIdCXX/CMakeCXXCompilerId.o
    ./cmake-build-debug/CMakeFiles/feature_tests.o
duplicate symbol _main in:
    ./cmake-build-debug/CMakeFiles/3.8.2/CompilerIdCXX/CMakeCXXCompilerId.o
    ./Assignment01.o
ld: 7 duplicate symbols for architecture x86_64
clang: error: linker command failed with exit code 1 (use -v to see invocation)
make: *** [Assignment01] Error 1
23:08:37 **** Incremental Build of configuration Debug for project Assignment01 ****
make all 
Building file: ../Assignment01.cpp
Invoking: GCC C++ Compiler
g++ -O0 -g3 -Wall -c -fmessage-length=0 -MMD -MP -MF"Assignment01.d" -MT"Assignment01.o" -o "Assignment01.o" "../Assignment01.cpp"
../Assignment01.cpp:43:6: warning: unused variable 'arraySize' [-Wunused-variable]
        int arraySize = 4;
            ^
1 warning generated.
Finished building: ../Assignment01.cpp
 
Building target: Assignment01
Invoking: MacOS X C++ Linker
g++  -o "Assignment01"  ./cmake-build-debug/CMakeFiles/3.8.2/CompilerIdCXX/CMakeCXXCompilerId.o  ./cmake-build-debug/CMakeFiles/3.8.2/CompilerIdC/CMakeCCompilerId.o  ./cmake-build-debug/CMakeFiles/feature_tests.o  ./Assignment01.o ./contact.o   
duplicate symbol _info_language_dialect_default in:
    ./cmake-build-debug/CMakeFiles/3.8.2/CompilerIdCXX/CMakeCXXCompilerId.o
    ./cmake-build-debug/CMakeFiles/3.8.2/CompilerIdC/CMakeCCompilerId.o
duplicate symbol _info_compiler in:
    ./cmake-build-debug/CMakeFiles/3.8.2/CompilerIdCXX/CMakeCXXCompilerId.o
    ./cmake-build-debug/CMakeFiles/3.8.2/CompilerIdC/CMakeCCompilerId.o
duplicate symbol _main in:
    ./cmake-build-debug/CMakeFiles/3.8.2/CompilerIdCXX/CMakeCXXCompilerId.o
    ./cmake-build-debug/CMakeFiles/3.8.2/CompilerIdC/CMakeCCompilerId.o
duplicate symbol _info_platform in:
    ./cmake-build-debug/CMakeFiles/3.8.2/CompilerIdCXX/CMakeCXXCompilerId.o
    ./cmake-build-debug/CMakeFiles/3.8.2/CompilerIdC/CMakeCCompilerId.o
duplicate symbol _info_arch in:
    ./cmake-build-debug/CMakeFiles/3.8.2/CompilerIdCXX/CMakeCXXCompilerId.o
    ./cmake-build-debug/CMakeFiles/3.8.2/CompilerIdC/CMakeCCompilerId.o
duplicate symbol _main in:
    ./cmake-build-debug/CMakeFiles/3.8.2/CompilerIdCXX/CMakeCXXCompilerId.o
    ./cmake-build-debug/CMakeFiles/feature_tests.o
duplicate symbol _main in:
    ./cmake-build-debug/CMakeFiles/3.8.2/CompilerIdCXX/CMakeCXXCompilerId.o
    ./Assignment01.o
ld: 7 duplicate symbols for architecture x86_64
clang: error: linker command failed with exit code 1 (use -v to see invocation)
make: *** [Assignment01] Error 1
